[2018-03-13T14:15:22.509] [ERROR] error - 
*************** error log start ***************
request method: GET
request originalUrl:  /api/json?a=11
request client ip:  ::1
request query:  {"a":"11"}
response time: 
err name: TypeError
err message: Assignment to constant variable.
err stack: TypeError: Assignment to constant variable.
    at sign (/Users/bigfly/Documents/code/gxbBridge/middlewares/sign.js:24:11)
    at /Users/bigfly/Documents/code/gxbBridge/middlewares/sign.js:51:7
    at <anonymous>
*************** error log end ***************

[2018-03-13T14:15:47.330] [ERROR] error - 
*************** error log start ***************
request method: GET
request originalUrl:  /api/json?a=11
request client ip:  ::1
request query:  {"a":"11"}
response time: 
err name: TypeError
err message: Assignment to constant variable.
err stack: TypeError: Assignment to constant variable.
    at sign (/Users/bigfly/Documents/code/gxbBridge/middlewares/sign.js:24:11)
    at /Users/bigfly/Documents/code/gxbBridge/middlewares/sign.js:51:7
    at <anonymous>
*************** error log end ***************

[2018-03-13T14:15:58.810] [ERROR] error - 
*************** error log start ***************
request method: GET
request originalUrl:  /api/json?a=11
request client ip:  ::1
request query:  {"a":"11"}
response time: 
err name: TypeError
err message: Assignment to constant variable.
err stack: TypeError: Assignment to constant variable.
    at sign (/Users/bigfly/Documents/code/gxbBridge/middlewares/sign.js:24:11)
    at /Users/bigfly/Documents/code/gxbBridge/middlewares/sign.js:51:7
    at <anonymous>
*************** error log end ***************

[2018-03-13T14:17:35.206] [ERROR] error - 
*************** error log start ***************
request method: GET
request originalUrl:  /api/json?a=11
request client ip:  ::1
request query:  {"a":"11"}
response time: 
err name: TypeError
err message: Assignment to constant variable.
err stack: TypeError: Assignment to constant variable.
    at sign (/Users/bigfly/Documents/code/gxbBridge/middlewares/sign.js:24:11)
    at /Users/bigfly/Documents/code/gxbBridge/middlewares/sign.js:51:7
    at <anonymous>
*************** error log end ***************

